  [1m[36m (7.8ms)[0m  [1mCREATE DATABASE `baukis_development` DEFAULT CHARACTER SET `utf8` COLLATE `utf8_unicode_ci`[0m


Started GET "/" for 10.0.2.2 at 2017-01-26 03:40:28 +0000
Processing by Rails::WelcomeController#index as HTML
  Rendered /home/vagrant/.gem/ruby/2.1.0/gems/railties-4.1.0/lib/rails/templates/rails/welcome/index.html.erb (15.3ms)
Completed 200 OK in 85ms (Views: 49.7ms | ActiveRecord: 0.0ms)


Started GET "/" for 10.0.2.2 at 2017-01-26 04:37:05 +0000
Processing by Rails::WelcomeController#index as HTML
  Rendered /home/vagrant/.gem/ruby/2.1.0/gems/railties-4.1.0/lib/rails/templates/rails/welcome/index.html.erb (6.1ms)
Completed 200 OK in 59ms (Views: 30.8ms | ActiveRecord: 0.0ms)


Started GET "/staff" for 10.0.2.2 at 2017-01-26 04:37:09 +0000
Processing by Staff::TopController#index as HTML
  Rendered staff/top/index.html.erb within layouts/application (2.0ms)
Completed 500 Internal Server Error in 179ms

SyntaxError (/vagrant/baukis/app/views/staff/top/index.html.erb:2: syntax error, unexpected ')'
...utput_buffer.append=( @title %);@output_buffer.safe_append='...
...                               ^
/vagrant/baukis/app/views/staff/top/index.html.erb:4: syntax error, unexpected keyword_ensure, expecting ')'
/vagrant/baukis/app/views/staff/top/index.html.erb:6: syntax error, unexpected keyword_end, expecting ')'):
  app/controllers/staff/top_controller.rb:3:in `index'


  Rendered /home/vagrant/.gem/ruby/2.1.0/gems/actionpack-4.1.0/lib/action_dispatch/middleware/templates/rescues/_source.erb (1.2ms)
  Rendered /home/vagrant/.gem/ruby/2.1.0/gems/actionpack-4.1.0/lib/action_dispatch/middleware/templates/rescues/_trace.html.erb (1.9ms)
  Rendered /home/vagrant/.gem/ruby/2.1.0/gems/actionpack-4.1.0/lib/action_dispatch/middleware/templates/rescues/_request_and_response.html.erb (1.1ms)
  Rendered /home/vagrant/.gem/ruby/2.1.0/gems/actionpack-4.1.0/lib/action_dispatch/middleware/templates/rescues/diagnostics.erb within rescues/layout (27.4ms)


Started GET "/admin" for 10.0.2.2 at 2017-01-26 04:39:13 +0000
Processing by Admin::TopController#index as HTML
  Rendered admin/top/index.html.erb within layouts/application (0.7ms)
Completed 500 Internal Server Error in 78ms

SyntaxError (/vagrant/baukis/app/views/admin/top/index.html.erb:2: syntax error, unexpected ')'
...utput_buffer.append=( @title %);@output_buffer.safe_append='...
...                               ^
/vagrant/baukis/app/views/admin/top/index.html.erb:4: syntax error, unexpected keyword_ensure, expecting ')'
/vagrant/baukis/app/views/admin/top/index.html.erb:6: syntax error, unexpected keyword_end, expecting ')'):
  app/controllers/admin/top_controller.rb:3:in `index'


  Rendered /home/vagrant/.gem/ruby/2.1.0/gems/actionpack-4.1.0/lib/action_dispatch/middleware/templates/rescues/_source.erb (0.8ms)
  Rendered /home/vagrant/.gem/ruby/2.1.0/gems/actionpack-4.1.0/lib/action_dispatch/middleware/templates/rescues/_trace.html.erb (1.7ms)
  Rendered /home/vagrant/.gem/ruby/2.1.0/gems/actionpack-4.1.0/lib/action_dispatch/middleware/templates/rescues/_request_and_response.html.erb (1.0ms)
  Rendered /home/vagrant/.gem/ruby/2.1.0/gems/actionpack-4.1.0/lib/action_dispatch/middleware/templates/rescues/diagnostics.erb within rescues/layout (15.4ms)


Started GET "/customer" for 10.0.2.2 at 2017-01-26 04:39:21 +0000
Processing by Customer::TopController#index as HTML
  Rendered customer/top/index.html.erb within layouts/application (1.0ms)
Completed 500 Internal Server Error in 76ms

SyntaxError (/vagrant/baukis/app/views/customer/top/index.html.erb:2: syntax error, unexpected ')'
...utput_buffer.append=( @title %);@output_buffer.safe_append='...
...                               ^
/vagrant/baukis/app/views/customer/top/index.html.erb:4: syntax error, unexpected keyword_ensure, expecting ')'
/vagrant/baukis/app/views/customer/top/index.html.erb:6: syntax error, unexpected keyword_end, expecting ')'):
  app/controllers/customer/top_controller.rb:3:in `index'


  Rendered /home/vagrant/.gem/ruby/2.1.0/gems/actionpack-4.1.0/lib/action_dispatch/middleware/templates/rescues/_source.erb (0.6ms)
  Rendered /home/vagrant/.gem/ruby/2.1.0/gems/actionpack-4.1.0/lib/action_dispatch/middleware/templates/rescues/_trace.html.erb (0.7ms)
  Rendered /home/vagrant/.gem/ruby/2.1.0/gems/actionpack-4.1.0/lib/action_dispatch/middleware/templates/rescues/_request_and_response.html.erb (0.9ms)
  Rendered /home/vagrant/.gem/ruby/2.1.0/gems/actionpack-4.1.0/lib/action_dispatch/middleware/templates/rescues/diagnostics.erb within rescues/layout (13.1ms)


Started GET "/customer" for 10.0.2.2 at 2017-01-26 04:41:08 +0000
Processing by Customer::TopController#index as HTML
  Rendered customer/top/index.html.erb within layouts/application (5.7ms)
Completed 200 OK in 564ms (Views: 533.2ms | ActiveRecord: 0.0ms)


Started GET "/assets/jquery_ujs.js?body=1" for 10.0.2.2 at 2017-01-26 04:41:09 +0000


Started GET "/assets/application.css?body=1" for 10.0.2.2 at 2017-01-26 04:41:09 +0000


Started GET "/assets/jquery.js?body=1" for 10.0.2.2 at 2017-01-26 04:41:09 +0000


Started GET "/assets/turbolinks.js?body=1" for 10.0.2.2 at 2017-01-26 04:41:09 +0000


Started GET "/assets/application.js?body=1" for 10.0.2.2 at 2017-01-26 04:41:09 +0000


Started GET "/admin" for 10.0.2.2 at 2017-01-26 04:41:13 +0000
Processing by Admin::TopController#index as HTML
  Rendered admin/top/index.html.erb within layouts/application (0.6ms)
Completed 200 OK in 209ms (Views: 208.3ms | ActiveRecord: 0.0ms)


Started GET "/assets/application.css?body=1" for 10.0.2.2 at 2017-01-26 04:41:13 +0000


Started GET "/staf" for 10.0.2.2 at 2017-01-26 04:41:16 +0000

ActionController::RoutingError (No route matches [GET] "/staf"):
  actionpack (4.1.0) lib/action_dispatch/middleware/debug_exceptions.rb:21:in `call'
  actionpack (4.1.0) lib/action_dispatch/middleware/show_exceptions.rb:30:in `call'
  railties (4.1.0) lib/rails/rack/logger.rb:38:in `call_app'
  railties (4.1.0) lib/rails/rack/logger.rb:20:in `block in call'
  activesupport (4.1.0) lib/active_support/tagged_logging.rb:68:in `block in tagged'
  activesupport (4.1.0) lib/active_support/tagged_logging.rb:26:in `tagged'
  activesupport (4.1.0) lib/active_support/tagged_logging.rb:68:in `tagged'
  railties (4.1.0) lib/rails/rack/logger.rb:20:in `call'
  actionpack (4.1.0) lib/action_dispatch/middleware/request_id.rb:21:in `call'
  rack (1.5.5) lib/rack/methodoverride.rb:21:in `call'
  rack (1.5.5) lib/rack/runtime.rb:17:in `call'
  activesupport (4.1.0) lib/active_support/cache/strategy/local_cache_middleware.rb:26:in `call'
  rack (1.5.5) lib/rack/lock.rb:17:in `call'
  actionpack (4.1.0) lib/action_dispatch/middleware/static.rb:64:in `call'
  rack (1.5.5) lib/rack/sendfile.rb:112:in `call'
  railties (4.1.0) lib/rails/engine.rb:514:in `call'
  railties (4.1.0) lib/rails/application.rb:144:in `call'
  rack (1.5.5) lib/rack/lock.rb:17:in `call'
  rack (1.5.5) lib/rack/content_length.rb:14:in `call'
  rack (1.5.5) lib/rack/handler/webrick.rb:60:in `service'
  /opt/rubies/ruby-2.1.0/lib/ruby/2.1.0/webrick/httpserver.rb:138:in `service'
  /opt/rubies/ruby-2.1.0/lib/ruby/2.1.0/webrick/httpserver.rb:94:in `run'
  /opt/rubies/ruby-2.1.0/lib/ruby/2.1.0/webrick/server.rb:295:in `block in start_thread'


  Rendered /home/vagrant/.gem/ruby/2.1.0/gems/actionpack-4.1.0/lib/action_dispatch/middleware/templates/rescues/_trace.html.erb (0.9ms)
  Rendered /home/vagrant/.gem/ruby/2.1.0/gems/actionpack-4.1.0/lib/action_dispatch/middleware/templates/routes/_route.html.erb (0.9ms)
  Rendered /home/vagrant/.gem/ruby/2.1.0/gems/actionpack-4.1.0/lib/action_dispatch/middleware/templates/routes/_table.html.erb (32.2ms)
  Rendered /home/vagrant/.gem/ruby/2.1.0/gems/actionpack-4.1.0/lib/action_dispatch/middleware/templates/rescues/routing_error.html.erb within rescues/layout (57.4ms)


Started GET "/staff" for 10.0.2.2 at 2017-01-26 04:41:19 +0000
Processing by Staff::TopController#index as HTML
  Rendered staff/top/index.html.erb within layouts/application (0.3ms)
Completed 200 OK in 255ms (Views: 254.6ms | ActiveRecord: 0.0ms)


Started GET "/assets/application.css?body=1" for 10.0.2.2 at 2017-01-26 04:41:20 +0000


Started GET "/staff" for 10.0.2.2 at 2017-01-26 05:53:50 +0000
Processing by Staff::TopController#index as HTML
  Rendered staff/top/index.html.erb within layouts/application (4.8ms)
  Rendered shared/_header.html.erb (0.4ms)
  Rendered shared/_footer.html.erb (0.5ms)
Completed 200 OK in 565ms (Views: 532.9ms | ActiveRecord: 0.0ms)


Started GET "/assets/jquery.js?body=1" for 10.0.2.2 at 2017-01-26 05:53:51 +0000


Started GET "/assets/application.js?body=1" for 10.0.2.2 at 2017-01-26 05:53:51 +0000


Started GET "/assets/application.css?body=1" for 10.0.2.2 at 2017-01-26 05:53:51 +0000


Started GET "/assets/jquery_ujs.js?body=1" for 10.0.2.2 at 2017-01-26 05:53:51 +0000


Started GET "/assets/turbolinks.js?body=1" for 10.0.2.2 at 2017-01-26 05:53:51 +0000


Started GET "/admin" for 10.0.2.2 at 2017-01-26 05:53:57 +0000
Processing by Admin::TopController#index as HTML
  Rendered admin/top/index.html.erb within layouts/application (0.4ms)
  Rendered shared/_header.html.erb (0.1ms)
  Rendered shared/_footer.html.erb (0.1ms)
Completed 200 OK in 268ms (Views: 267.3ms | ActiveRecord: 0.0ms)


Started GET "/assets/application.css?body=1" for 10.0.2.2 at 2017-01-26 05:53:57 +0000


Started GET "/assets/jquery.js?body=1" for 10.0.2.2 at 2017-01-26 05:53:57 +0000


Started GET "/assets/jquery_ujs.js?body=1" for 10.0.2.2 at 2017-01-26 05:53:57 +0000


Started GET "/assets/turbolinks.js?body=1" for 10.0.2.2 at 2017-01-26 05:53:57 +0000


Started GET "/admin" for 10.0.2.2 at 2017-01-26 05:56:43 +0000
Processing by Admin::TopController#index as HTML
  Rendered admin/top/index.html.erb within layouts/application (15.8ms)
  Rendered shared/_header.html.erb (0.5ms)
  Rendered shared/_footer.html.erb (0.8ms)
Completed 200 OK in 488ms (Views: 457.0ms | ActiveRecord: 0.0ms)


Started GET "/assets/application.css?body=1" for 10.0.2.2 at 2017-01-26 05:56:44 +0000


Started GET "/assets/jquery_ujs.js?body=1" for 10.0.2.2 at 2017-01-26 05:56:44 +0000


Started GET "/assets/turbolinks.js?body=1" for 10.0.2.2 at 2017-01-26 05:56:44 +0000


Started GET "/assets/jquery.js?body=1" for 10.0.2.2 at 2017-01-26 05:56:44 +0000


Started GET "/staff" for 10.0.2.2 at 2017-01-26 05:56:50 +0000
Processing by Staff::TopController#index as HTML
  Rendered staff/top/index.html.erb within layouts/application (0.5ms)
  Rendered shared/_header.html.erb (0.1ms)
  Rendered shared/_footer.html.erb (0.1ms)
Completed 200 OK in 251ms (Views: 250.5ms | ActiveRecord: 0.0ms)


Started GET "/assets/jquery_ujs.js?body=1" for 10.0.2.2 at 2017-01-26 05:56:51 +0000


Started GET "/assets/turbolinks.js?body=1" for 10.0.2.2 at 2017-01-26 05:56:51 +0000


Started GET "/assets/application.css?body=1" for 10.0.2.2 at 2017-01-26 05:56:51 +0000


Started GET "/assets/jquery.js?body=1" for 10.0.2.2 at 2017-01-26 05:56:51 +0000


Started GET "/staff" for 10.0.2.2 at 2017-01-26 05:58:19 +0000
Processing by Staff::TopController#index as HTML
  Rendered staff/top/index.html.erb within layouts/application (4.8ms)
  Rendered shared/_header.html.erb (0.5ms)
  Rendered shared/_footer.html.erb (0.5ms)
Completed 200 OK in 458ms (Views: 428.1ms | ActiveRecord: 0.0ms)


Started GET "/assets/application.css?body=1" for 10.0.2.2 at 2017-01-26 05:58:20 +0000


Started GET "/assets/jquery.js?body=1" for 10.0.2.2 at 2017-01-26 05:58:20 +0000


Started GET "/assets/application.js?body=1" for 10.0.2.2 at 2017-01-26 05:58:20 +0000


Started GET "/assets/turbolinks.js?body=1" for 10.0.2.2 at 2017-01-26 05:58:20 +0000


Started GET "/assets/jquery_ujs.js?body=1" for 10.0.2.2 at 2017-01-26 05:58:20 +0000


Started GET "/admin" for 10.0.2.2 at 2017-01-26 05:58:27 +0000
Processing by Admin::TopController#index as HTML
  Rendered admin/top/index.html.erb within layouts/application (0.5ms)
  Rendered shared/_header.html.erb (0.1ms)
  Rendered shared/_footer.html.erb (0.1ms)
Completed 200 OK in 271ms (Views: 270.7ms | ActiveRecord: 0.0ms)


Started GET "/assets/jquery.js?body=1" for 10.0.2.2 at 2017-01-26 05:58:27 +0000


Started GET "/assets/jquery_ujs.js?body=1" for 10.0.2.2 at 2017-01-26 05:58:28 +0000


Started GET "/assets/turbolinks.js?body=1" for 10.0.2.2 at 2017-01-26 05:58:28 +0000


Started GET "/assets/application.css?body=1" for 10.0.2.2 at 2017-01-26 05:58:28 +0000


Started GET "/assets/application.js?body=1" for 10.0.2.2 at 2017-01-26 05:58:28 +0000


Started GET "/admin" for 10.0.2.2 at 2017-01-26 06:02:11 +0000
Processing by Admin::TopController#index as HTML
  Rendered admin/top/index.html.erb within layouts/application (14.5ms)
  Rendered shared/_header.html.erb (0.5ms)
  Rendered shared/_footer.html.erb (0.4ms)
Completed 200 OK in 497ms (Views: 467.5ms | ActiveRecord: 0.0ms)


Started GET "/assets/jquery_ujs.js?body=1" for 10.0.2.2 at 2017-01-26 06:02:12 +0000


Started GET "/assets/application.js?body=1" for 10.0.2.2 at 2017-01-26 06:02:12 +0000


Started GET "/assets/jquery.js?body=1" for 10.0.2.2 at 2017-01-26 06:02:13 +0000


Started GET "/assets/turbolinks.js?body=1" for 10.0.2.2 at 2017-01-26 06:02:13 +0000


Started GET "/stylesheets/application.css" for 10.0.2.2 at 2017-01-26 06:02:13 +0000

ActionController::RoutingError (No route matches [GET] "/stylesheets/application.css"):
  actionpack (4.1.0) lib/action_dispatch/middleware/debug_exceptions.rb:21:in `call'
  actionpack (4.1.0) lib/action_dispatch/middleware/show_exceptions.rb:30:in `call'
  railties (4.1.0) lib/rails/rack/logger.rb:38:in `call_app'
  railties (4.1.0) lib/rails/rack/logger.rb:20:in `block in call'
  activesupport (4.1.0) lib/active_support/tagged_logging.rb:68:in `block in tagged'
  activesupport (4.1.0) lib/active_support/tagged_logging.rb:26:in `tagged'
  activesupport (4.1.0) lib/active_support/tagged_logging.rb:68:in `tagged'
  railties (4.1.0) lib/rails/rack/logger.rb:20:in `call'
  actionpack (4.1.0) lib/action_dispatch/middleware/request_id.rb:21:in `call'
  rack (1.5.5) lib/rack/methodoverride.rb:21:in `call'
  rack (1.5.5) lib/rack/runtime.rb:17:in `call'
  activesupport (4.1.0) lib/active_support/cache/strategy/local_cache_middleware.rb:26:in `call'
  rack (1.5.5) lib/rack/lock.rb:17:in `call'
  actionpack (4.1.0) lib/action_dispatch/middleware/static.rb:64:in `call'
  rack (1.5.5) lib/rack/sendfile.rb:112:in `call'
  railties (4.1.0) lib/rails/engine.rb:514:in `call'
  railties (4.1.0) lib/rails/application.rb:144:in `call'
  rack (1.5.5) lib/rack/lock.rb:17:in `call'
  rack (1.5.5) lib/rack/content_length.rb:14:in `call'
  rack (1.5.5) lib/rack/handler/webrick.rb:60:in `service'
  /opt/rubies/ruby-2.1.0/lib/ruby/2.1.0/webrick/httpserver.rb:138:in `service'
  /opt/rubies/ruby-2.1.0/lib/ruby/2.1.0/webrick/httpserver.rb:94:in `run'
  /opt/rubies/ruby-2.1.0/lib/ruby/2.1.0/webrick/server.rb:295:in `block in start_thread'


  Rendered /home/vagrant/.gem/ruby/2.1.0/gems/actionpack-4.1.0/lib/action_dispatch/middleware/templates/rescues/_trace.html.erb (1.1ms)
  Rendered /home/vagrant/.gem/ruby/2.1.0/gems/actionpack-4.1.0/lib/action_dispatch/middleware/templates/routes/_route.html.erb (0.9ms)
  Rendered /home/vagrant/.gem/ruby/2.1.0/gems/actionpack-4.1.0/lib/action_dispatch/middleware/templates/routes/_table.html.erb (19.5ms)
  Rendered /home/vagrant/.gem/ruby/2.1.0/gems/actionpack-4.1.0/lib/action_dispatch/middleware/templates/rescues/routing_error.html.erb within rescues/layout (33.2ms)


Started GET "/admin" for 10.0.2.2 at 2017-01-26 06:06:26 +0000
Processing by Admin::TopController#index as HTML
  Rendered admin/top/index.html.erb within layouts/application (18.3ms)
  Rendered shared/_header.html.erb (0.4ms)
  Rendered shared/_footer.html.erb (0.4ms)
Completed 200 OK in 539ms (Views: 508.4ms | ActiveRecord: 0.0ms)


Started GET "/assets/application.js?body=1" for 10.0.2.2 at 2017-01-26 06:06:27 +0000


Started GET "/assets/turbolinks.js?body=1" for 10.0.2.2 at 2017-01-26 06:06:27 +0000


Started GET "/assets/jquery_ujs.js?body=1" for 10.0.2.2 at 2017-01-26 06:06:27 +0000


Started GET "/assets/jquery.js?body=1" for 10.0.2.2 at 2017-01-26 06:06:27 +0000


Started GET "/stylesheets/application.css" for 10.0.2.2 at 2017-01-26 06:06:27 +0000

ActionController::RoutingError (No route matches [GET] "/stylesheets/application.css"):
  actionpack (4.1.0) lib/action_dispatch/middleware/debug_exceptions.rb:21:in `call'
  actionpack (4.1.0) lib/action_dispatch/middleware/show_exceptions.rb:30:in `call'
  railties (4.1.0) lib/rails/rack/logger.rb:38:in `call_app'
  railties (4.1.0) lib/rails/rack/logger.rb:20:in `block in call'
  activesupport (4.1.0) lib/active_support/tagged_logging.rb:68:in `block in tagged'
  activesupport (4.1.0) lib/active_support/tagged_logging.rb:26:in `tagged'
  activesupport (4.1.0) lib/active_support/tagged_logging.rb:68:in `tagged'
  railties (4.1.0) lib/rails/rack/logger.rb:20:in `call'
  actionpack (4.1.0) lib/action_dispatch/middleware/request_id.rb:21:in `call'
  rack (1.5.5) lib/rack/methodoverride.rb:21:in `call'
  rack (1.5.5) lib/rack/runtime.rb:17:in `call'
  activesupport (4.1.0) lib/active_support/cache/strategy/local_cache_middleware.rb:26:in `call'
  rack (1.5.5) lib/rack/lock.rb:17:in `call'
  actionpack (4.1.0) lib/action_dispatch/middleware/static.rb:64:in `call'
  rack (1.5.5) lib/rack/sendfile.rb:112:in `call'
  railties (4.1.0) lib/rails/engine.rb:514:in `call'
  railties (4.1.0) lib/rails/application.rb:144:in `call'
  rack (1.5.5) lib/rack/lock.rb:17:in `call'
  rack (1.5.5) lib/rack/content_length.rb:14:in `call'
  rack (1.5.5) lib/rack/handler/webrick.rb:60:in `service'
  /opt/rubies/ruby-2.1.0/lib/ruby/2.1.0/webrick/httpserver.rb:138:in `service'
  /opt/rubies/ruby-2.1.0/lib/ruby/2.1.0/webrick/httpserver.rb:94:in `run'
  /opt/rubies/ruby-2.1.0/lib/ruby/2.1.0/webrick/server.rb:295:in `block in start_thread'


  Rendered /home/vagrant/.gem/ruby/2.1.0/gems/actionpack-4.1.0/lib/action_dispatch/middleware/templates/rescues/_trace.html.erb (0.9ms)
  Rendered /home/vagrant/.gem/ruby/2.1.0/gems/actionpack-4.1.0/lib/action_dispatch/middleware/templates/routes/_route.html.erb (0.7ms)
  Rendered /home/vagrant/.gem/ruby/2.1.0/gems/actionpack-4.1.0/lib/action_dispatch/middleware/templates/routes/_table.html.erb (43.4ms)
  Rendered /home/vagrant/.gem/ruby/2.1.0/gems/actionpack-4.1.0/lib/action_dispatch/middleware/templates/rescues/routing_error.html.erb within rescues/layout (55.8ms)


Started GET "/admin" for 10.0.2.2 at 2017-01-26 06:11:19 +0000
Processing by Admin::TopController#index as HTML
Completed 500 Internal Server Error in 378ms

ActionView::MissingTemplate (Missing template layouts/admin with {:locale=>[:ja], :formats=>[:html], :variants=>[], :handlers=>[:erb, :builder, :raw, :ruby, :coffee, :jbuilder]}. Searched in:
  * "/vagrant/baukis/app/views"
):
  app/controllers/admin/top_controller.rb:3:in `index'


  Rendered /home/vagrant/.gem/ruby/2.1.0/gems/actionpack-4.1.0/lib/action_dispatch/middleware/templates/rescues/missing_template.html.erb within rescues/layout (10.4ms)


Started GET "/staff" for 10.0.2.2 at 2017-01-26 06:11:35 +0000
Processing by Staff::TopController#index as HTML
  Rendered staff/top/index.html.erb within layouts/staff (0.5ms)
  Rendered shared/_header.html.erb (0.5ms)
  Rendered shared/_footer.html.erb (0.6ms)
Completed 200 OK in 485ms (Views: 484.4ms | ActiveRecord: 0.0ms)


Started GET "/assets/staff.css?body=1" for 10.0.2.2 at 2017-01-26 06:11:36 +0000


Started GET "/assets/jquery_ujs.js?body=1" for 10.0.2.2 at 2017-01-26 06:11:36 +0000


Started GET "/assets/jquery.js?body=1" for 10.0.2.2 at 2017-01-26 06:11:36 +0000


Started GET "/assets/staff/layout.css?body=1" for 10.0.2.2 at 2017-01-26 06:11:36 +0000


Started GET "/assets/turbolinks.js?body=1" for 10.0.2.2 at 2017-01-26 06:11:36 +0000


Started GET "/assets/application.js?body=1" for 10.0.2.2 at 2017-01-26 06:11:37 +0000


Started GET "/staff" for 10.0.2.2 at 2017-01-26 06:17:10 +0000
Processing by Staff::TopController#index as HTML
  Rendered staff/top/index.html.erb within layouts/staff (18.6ms)
  Rendered shared/_header.html.erb (0.6ms)
  Rendered shared/_footer.html.erb (0.4ms)
Completed 200 OK in 651ms (Views: 620.3ms | ActiveRecord: 0.0ms)


Started GET "/assets/staff/layout.css?body=1" for 10.0.2.2 at 2017-01-26 06:17:11 +0000


Started GET "/assets/staff.css?body=1" for 10.0.2.2 at 2017-01-26 06:17:12 +0000


Started GET "/assets/jquery.js?body=1" for 10.0.2.2 at 2017-01-26 06:17:12 +0000


Started GET "/assets/application.js?body=1" for 10.0.2.2 at 2017-01-26 06:17:12 +0000


Started GET "/assets/jquery_ujs.js?body=1" for 10.0.2.2 at 2017-01-26 06:17:12 +0000


Started GET "/assets/turbolinks.js?body=1" for 10.0.2.2 at 2017-01-26 06:17:12 +0000


Started GET "/staff" for 10.0.2.2 at 2017-01-26 06:20:30 +0000
Processing by Staff::TopController#index as HTML
  Rendered staff/top/index.html.erb within layouts/staff (16.1ms)
  Rendered shared/_header.html.erb (0.5ms)
  Rendered shared/_footer.html.erb (0.4ms)
Completed 200 OK in 631ms (Views: 602.7ms | ActiveRecord: 0.0ms)


Started GET "/assets/turbolinks.js?body=1" for 10.0.2.2 at 2017-01-26 06:20:32 +0000


Started GET "/assets/jquery_ujs.js?body=1" for 10.0.2.2 at 2017-01-26 06:20:32 +0000


Started GET "/assets/staff/container.css?body=1" for 10.0.2.2 at 2017-01-26 06:20:32 +0000


Started GET "/assets/jquery.js?body=1" for 10.0.2.2 at 2017-01-26 06:20:32 +0000


Started GET "/assets/staff/layout.css?body=1" for 10.0.2.2 at 2017-01-26 06:20:32 +0000


Started GET "/assets/staff.css?body=1" for 10.0.2.2 at 2017-01-26 06:20:32 +0000


Started GET "/assets/application.js?body=1" for 10.0.2.2 at 2017-01-26 06:20:32 +0000


Started GET "/staff" for 10.0.2.2 at 2017-01-26 06:25:45 +0000
Processing by Staff::TopController#index as HTML
  Rendered staff/top/index.html.erb within layouts/staff (17.7ms)
Completed 500 Internal Server Error in 243ms

ActionView::Template::Error (Undefined variable: "$very_light_cyan".
  (in /vagrant/baukis/app/assets/stylesheets/staff/container.css.scss:8)):
    2: <html>
    3: <head>
    4:   <title><%= document_title %></title>
    5:   <%= stylesheet_link_tag    'staff', media: 'all', 'data-turbolinks-track' => true %>
    6:   <%= javascript_include_tag 'application', 'data-turbolinks-track' => true %>
    7:   <%= csrf_meta_tags %>
    8: </head>
  app/assets/stylesheets/staff/container.css.scss:8
  app/views/layouts/staff.html.erb:5:in `_app_views_layouts_staff_html_erb__3506368368728287257_70186574322400'
  app/controllers/staff/top_controller.rb:3:in `index'


  Rendered /home/vagrant/.gem/ruby/2.1.0/gems/actionpack-4.1.0/lib/action_dispatch/middleware/templates/rescues/_trace.html.erb (1.3ms)
  Rendered /home/vagrant/.gem/ruby/2.1.0/gems/actionpack-4.1.0/lib/action_dispatch/middleware/templates/rescues/_request_and_response.html.erb (8.2ms)
  Rendered /home/vagrant/.gem/ruby/2.1.0/gems/actionpack-4.1.0/lib/action_dispatch/middleware/templates/rescues/template_error.html.erb within rescues/layout (23.3ms)


Started GET "/staff" for 10.0.2.2 at 2017-01-26 06:26:31 +0000
Processing by Staff::TopController#index as HTML
  Rendered staff/top/index.html.erb within layouts/staff (4.4ms)
  Rendered shared/_header.html.erb (0.4ms)
  Rendered shared/_footer.html.erb (0.4ms)
Completed 200 OK in 805ms (Views: 762.9ms | ActiveRecord: 0.0ms)


Started GET "/assets/staff.css?body=1" for 10.0.2.2 at 2017-01-26 06:26:33 +0000


Started GET "/assets/staff/container.css?body=1" for 10.0.2.2 at 2017-01-26 06:26:33 +0000


Started GET "/assets/staff/_colors.css?body=1" for 10.0.2.2 at 2017-01-26 06:26:33 +0000


Started GET "/assets/jquery_ujs.js?body=1" for 10.0.2.2 at 2017-01-26 06:26:33 +0000


Started GET "/assets/jquery.js?body=1" for 10.0.2.2 at 2017-01-26 06:26:33 +0000


Started GET "/assets/staff/layout.css?body=1" for 10.0.2.2 at 2017-01-26 06:26:33 +0000


Started GET "/assets/turbolinks.js?body=1" for 10.0.2.2 at 2017-01-26 06:26:33 +0000


Started GET "/assets/application.js?body=1" for 10.0.2.2 at 2017-01-26 06:26:33 +0000


Started GET "/staff" for 10.0.2.2 at 2017-01-26 06:34:42 +0000
Processing by Staff::TopController#index as HTML
  Rendered staff/top/index.html.erb within layouts/staff (19.5ms)
  Rendered shared/_header.html.erb (0.4ms)
  Rendered shared/_footer.html.erb (0.5ms)
Completed 200 OK in 964ms (Views: 929.6ms | ActiveRecord: 0.0ms)


Started GET "/assets/staff/_dimensions.css?body=1" for 10.0.2.2 at 2017-01-26 06:34:44 +0000


Started GET "/assets/jquery.js?body=1" for 10.0.2.2 at 2017-01-26 06:34:44 +0000


Started GET "/assets/staff/_colors.css?body=1" for 10.0.2.2 at 2017-01-26 06:34:44 +0000


Started GET "/assets/staff/container.css?body=1" for 10.0.2.2 at 2017-01-26 06:34:44 +0000


Started GET "/assets/staff.css?body=1" for 10.0.2.2 at 2017-01-26 06:34:44 +0000


Started GET "/assets/staff/layout.css?body=1" for 10.0.2.2 at 2017-01-26 06:34:44 +0000


Started GET "/assets/jquery_ujs.js?body=1" for 10.0.2.2 at 2017-01-26 06:34:44 +0000


Started GET "/assets/turbolinks.js?body=1" for 10.0.2.2 at 2017-01-26 06:34:44 +0000


Started GET "/assets/application.js?body=1" for 10.0.2.2 at 2017-01-26 06:34:44 +0000
